Start testing: Jun 17 22:07 UTC
----------------------------------------------------------
1/8 Testing: TestFindPath
1/8 Test: TestFindPath
Command: "/home/pcsdocker/Data/CircuitsProject/BuildProject/test_findpath"
Directory: /home/pcsdocker/Data/CircuitsProject/BuildProject
"TestFindPath" start time: Jun 17 22:07 UTC
Output:
----------------------------------------------------------
Tutto giusto
<end of output>
Test time =   0.03 sec
----------------------------------------------------------
Test Passed.
"TestFindPath" end time: Jun 17 22:07 UTC
"TestFindPath" time elapsed: 00:00:00
----------------------------------------------------------

2/8 Testing: TestDfsCicli
2/8 Test: TestDfsCicli
Command: "/home/pcsdocker/Data/CircuitsProject/BuildProject/test_dfs_cicli"
Directory: /home/pcsdocker/Data/CircuitsProject/BuildProject
"TestDfsCicli" start time: Jun 17 22:07 UTC
Output:
----------------------------------------------------------
Tutto giusto
<end of output>
Test time =   0.05 sec
----------------------------------------------------------
Test Passed.
"TestDfsCicli" end time: Jun 17 22:07 UTC
"TestDfsCicli" time elapsed: 00:00:00
----------------------------------------------------------

3/8 Testing: TestDePina
3/8 Test: TestDePina
Command: "/home/pcsdocker/Data/CircuitsProject/BuildProject/test_de_pina"
Directory: /home/pcsdocker/Data/CircuitsProject/BuildProject
"TestDePina" start time: Jun 17 22:07 UTC
Output:
----------------------------------------------------------
Tutto giusto
<end of output>
Test time =   0.27 sec
----------------------------------------------------------
Test Passed.
"TestDePina" end time: Jun 17 22:07 UTC
"TestDePina" time elapsed: 00:00:00
----------------------------------------------------------

4/8 Testing: TestCreazioneBR
4/8 Test: TestCreazioneBR
Command: "/home/pcsdocker/Data/CircuitsProject/BuildProject/test_creazione_B_R"
Directory: /home/pcsdocker/Data/CircuitsProject/BuildProject
"TestCreazioneBR" start time: Jun 17 22:07 UTC
Output:
----------------------------------------------------------
Tutto giusto
<end of output>
Test time =   1.47 sec
----------------------------------------------------------
Test Passed.
"TestCreazioneBR" end time: Jun 17 22:07 UTC
"TestCreazioneBR" time elapsed: 00:00:01
----------------------------------------------------------

5/8 Testing: TestCalcolaOutput
5/8 Test: TestCalcolaOutput
Command: "/home/pcsdocker/Data/CircuitsProject/BuildProject/test_calcola_output"
Directory: /home/pcsdocker/Data/CircuitsProject/BuildProject
"TestCalcolaOutput" start time: Jun 17 22:07 UTC
Output:
----------------------------------------------------------
Tutto giusto
<end of output>
Test time =   1.34 sec
----------------------------------------------------------
Test Passed.
"TestCalcolaOutput" end time: Jun 17 22:07 UTC
"TestCalcolaOutput" time elapsed: 00:00:01
----------------------------------------------------------

6/8 Testing: TestGC
6/8 Test: TestGC
Command: "/home/pcsdocker/Data/CircuitsProject/BuildProject/test_gc"
Directory: /home/pcsdocker/Data/CircuitsProject/BuildProject
"TestGC" start time: Jun 17 22:07 UTC
Output:
----------------------------------------------------------
Tutto giusto
<end of output>
Test time =   0.03 sec
----------------------------------------------------------
Test Passed.
"TestGC" end time: Jun 17 22:07 UTC
"TestGC" time elapsed: 00:00:00
----------------------------------------------------------

7/8 Testing: TestLifoFifo
7/8 Test: TestLifoFifo
Command: "/home/pcsdocker/Data/CircuitsProject/BuildProject/test_lifofifo"
Directory: /home/pcsdocker/Data/CircuitsProject/BuildProject
"TestLifoFifo" start time: Jun 17 22:07 UTC
Output:
----------------------------------------------------------
Tutto giusto
<end of output>
Test time =   0.02 sec
----------------------------------------------------------
Test Passed.
"TestLifoFifo" end time: Jun 17 22:07 UTC
"TestLifoFifo" time elapsed: 00:00:00
----------------------------------------------------------

8/8 Testing: TestVisite
8/8 Test: TestVisite
Command: "/home/pcsdocker/Data/CircuitsProject/BuildProject/test_visite"
Directory: /home/pcsdocker/Data/CircuitsProject/BuildProject
"TestVisite" start time: Jun 17 22:07 UTC
Output:
----------------------------------------------------------
Tutto giusto
<end of output>
Test time =   0.05 sec
----------------------------------------------------------
Test Passed.
"TestVisite" end time: Jun 17 22:07 UTC
"TestVisite" time elapsed: 00:00:00
----------------------------------------------------------

End testing: Jun 17 22:07 UTC
